2025-03-02T17:38:40 | touched: contracts/Edgepolygonlink.sol
2026-01-02T10:17:28 | touched: README.md
2026-02-02T12:45:35 | touched: scripts/deploy.js
2026-01-29T14:24:09 | touched: scripts/cli.js
2026-01-02T04:22:18 | touched: scripts/cli.js
2025-06-09T10:56:19 | touched: scripts/api-server.js
2025-02-04T07:56:26 | touched: contracts/Edgepolygonlink.sol
2025-02-14T02:13:26 | touched: package.json
2024-06-17T04:46:54 | touched: scripts/api-server.js
2026-01-10T16:14:58 | touched: scripts/api-server.js
2026-02-03T06:18:49 | touched: .env.example
2025-12-24T02:11:44 | touched: scripts/frontend-integration.js
2025-06-04T18:59:44 | touched: scripts/cli.js
2025-01-06T09:23:58 | touched: test/Edgepolygonlink.test.js
2025-05-06T07:03:21 | touched: .env.example
2025-04-01T21:10:27 | touched: scripts/interact.js
2025-05-24T01:33:48 | touched: scripts/interact.js
2025-10-27T12:08:09 | touched: .env.example
2025-01-28T10:37:16 | touched: LICENSE
2025-10-26T01:45:37 | touched: test/Edgepolygonlink.test.js
2025-02-03T10:23:48 | touched: scripts/cli.js
2025-12-15T01:03:31 | touched: contracts/Edgepolygonlink.sol
2025-03-27T17:34:14 | touched: LICENSE
